<?xml version="1.0" encoding="UTF-8"?>
<testng-results skipped="0" failed="1" total="3" passed="2">
  <reporter-output>
  </reporter-output>
  <suite name="Suite" duration-ms="110603" started-at="2016-11-11T01:11:06Z" finished-at="2016-11-11T01:12:56Z">
    <groups>
    </groups>
    <test name="Test" duration-ms="110603" started-at="2016-11-11T01:11:06Z" finished-at="2016-11-11T01:12:56Z">
      <class name="scripts.TC01">
        <test-method status="PASS" signature="beforeClass()[pri:0, instance:scripts.TC01@4667ae56]" name="beforeClass" is-config="true" duration-ms="4189" started-at="2016-11-10T20:12:33Z" finished-at="2016-11-10T20:12:38Z">
          <reporter-output>
          </reporter-output>
        </test-method> <!-- beforeClass -->
        <test-method status="PASS" signature="testTC01()[pri:0, instance:scripts.TC01@4667ae56]" name="testTC01" duration-ms="17333" started-at="2016-11-10T20:12:38Z" finished-at="2016-11-10T20:12:55Z">
          <reporter-output>
          </reporter-output>
        </test-method> <!-- testTC01 -->
        <test-method status="PASS" signature="afterClass()[pri:0, instance:scripts.TC01@4667ae56]" name="afterClass" is-config="true" duration-ms="1339" started-at="2016-11-10T20:12:55Z" finished-at="2016-11-10T20:12:56Z">
          <reporter-output>
          </reporter-output>
        </test-method> <!-- afterClass -->
      </class> <!-- scripts.TC01 -->
      <class name="scripts.TC2">
        <test-method status="PASS" signature="reporting()[pri:0, instance:scripts.TC2@548e7350]" name="reporting" is-config="true" duration-ms="773" started-at="2016-11-10T20:11:06Z" finished-at="2016-11-10T20:11:06Z">
          <reporter-output>
          </reporter-output>
        </test-method> <!-- reporting -->
        <test-method status="PASS" signature="beforeClass()[pri:0, instance:scripts.TC2@548e7350]" name="beforeClass" is-config="true" duration-ms="8467" started-at="2016-11-10T20:11:06Z" finished-at="2016-11-10T20:11:15Z">
          <reporter-output>
          </reporter-output>
        </test-method> <!-- beforeClass -->
        <test-method status="PASS" signature="testTC02()[pri:0, instance:scripts.TC2@548e7350]" name="testTC02" duration-ms="42333" started-at="2016-11-10T20:11:15Z" finished-at="2016-11-10T20:11:57Z">
          <reporter-output>
          </reporter-output>
        </test-method> <!-- testTC02 -->
        <test-method status="PASS" signature="afterClass()[pri:0, instance:scripts.TC2@548e7350]" name="afterClass" is-config="true" duration-ms="1614" started-at="2016-11-10T20:11:57Z" finished-at="2016-11-10T20:11:59Z">
          <reporter-output>
          </reporter-output>
        </test-method> <!-- afterClass -->
      </class> <!-- scripts.TC2 -->
      <class name="scripts.TC03">
        <test-method status="PASS" signature="beforeClass()[pri:0, instance:scripts.TC03@1a968a59]" name="beforeClass" is-config="true" duration-ms="4835" started-at="2016-11-10T20:11:59Z" finished-at="2016-11-10T20:12:04Z">
          <reporter-output>
          </reporter-output>
        </test-method> <!-- beforeClass -->
        <test-method status="FAIL" signature="testTC03()[pri:0, instance:scripts.TC03@1a968a59]" name="testTC03" duration-ms="28246" started-at="2016-11-10T20:12:04Z" finished-at="2016-11-10T20:12:32Z">
          <exception class="java.lang.AssertionError">
            <message>
              <![CDATA[expected [Customer Login - Rightstart.com] but found [Baby Registry, Strollers, Convertible Car Seats & more - Rightstart.com]]]>
            </message>
            <full-stacktrace>
              <![CDATA[java.lang.AssertionError: expected [Customer Login - Rightstart.com] but found [Baby Registry, Strollers, Convertible Car Seats & more - Rightstart.com]
	at org.testng.Assert.fail(Assert.java:94)
	at org.testng.Assert.failNotEquals(Assert.java:513)
	at org.testng.Assert.assertEqualsImpl(Assert.java:135)
	at org.testng.Assert.assertEquals(Assert.java:116)
	at org.testng.Assert.assertEquals(Assert.java:190)
	at org.testng.Assert.assertEquals(Assert.java:200)
	at scripts.TC03.testTC03(TC03.java:25)
	at sun.reflect.NativeMethodAccessorImpl.invoke0(Native Method)
	at sun.reflect.NativeMethodAccessorImpl.invoke(Unknown Source)
	at sun.reflect.DelegatingMethodAccessorImpl.invoke(Unknown Source)
	at java.lang.reflect.Method.invoke(Unknown Source)
	at org.testng.internal.MethodInvocationHelper.invokeMethod(MethodInvocationHelper.java:86)
	at org.testng.internal.Invoker.invokeMethod(Invoker.java:643)
	at org.testng.internal.Invoker.invokeTestMethod(Invoker.java:820)
	at org.testng.internal.Invoker.invokeTestMethods(Invoker.java:1128)
	at org.testng.internal.TestMethodWorker.invokeTestMethods(TestMethodWorker.java:129)
	at org.testng.internal.TestMethodWorker.run(TestMethodWorker.java:112)
	at org.testng.TestRunner.privateRun(TestRunner.java:782)
	at org.testng.TestRunner.run(TestRunner.java:632)
	at org.testng.SuiteRunner.runTest(SuiteRunner.java:366)
	at org.testng.SuiteRunner.runSequentially(SuiteRunner.java:361)
	at org.testng.SuiteRunner.privateRun(SuiteRunner.java:319)
	at org.testng.SuiteRunner.run(SuiteRunner.java:268)
	at org.testng.SuiteRunnerWorker.runSuite(SuiteRunnerWorker.java:52)
	at org.testng.SuiteRunnerWorker.run(SuiteRunnerWorker.java:86)
	at org.testng.TestNG.runSuitesSequentially(TestNG.java:1244)
	at org.testng.TestNG.runSuitesLocally(TestNG.java:1169)
	at org.testng.TestNG.run(TestNG.java:1064)
	at org.testng.remote.AbstractRemoteTestNG.run(AbstractRemoteTestNG.java:132)
	at org.testng.remote.RemoteTestNG.initAndRun(RemoteTestNG.java:236)
	at org.testng.remote.RemoteTestNG.main(RemoteTestNG.java:81)
]]>
            </full-stacktrace>
          </exception> <!-- java.lang.AssertionError -->
          <reporter-output>
          </reporter-output>
        </test-method> <!-- testTC03 -->
        <test-method status="PASS" signature="afterClass()[pri:0, instance:scripts.TC03@1a968a59]" name="afterClass" is-config="true" duration-ms="1397" started-at="2016-11-10T20:12:32Z" finished-at="2016-11-10T20:12:33Z">
          <reporter-output>
          </reporter-output>
        </test-method> <!-- afterClass -->
      </class> <!-- scripts.TC03 -->
    </test> <!-- Test -->
  </suite> <!-- Suite -->
</testng-results>
